Determining if the function sgemm_ exists failed with the following output:
Change Dir: /home/mint/Desktop/test_zed/build/CMakeFiles/CMakeTmp

Run Build Command(s):/usr/bin/ninja cmTC_3f617 && [1/2] Building C object CMakeFiles/cmTC_3f617.dir/CheckFunctionExists.c.o
[2/2] Linking C executable cmTC_3f617
FAILED: cmTC_3f617 
: && /usr/bin/gcc -DCHECK_FUNCTION_EXISTS=sgemm_   CMakeFiles/cmTC_3f617.dir/CheckFunctionExists.c.o  -o cmTC_3f617   && :
/usr/bin/ld: CMakeFiles/cmTC_3f617.dir/CheckFunctionExists.c.o: in function `main':
CheckFunctionExists.c:(.text+0x14): undefined reference to `sgemm_'
collect2: error: ld returned 1 exit status
ninja: build stopped: subcommand failed.



Performing C SOURCE FILE Test CMAKE_HAVE_LIBC_PTHREAD failed with the following output:
Change Dir: /home/mint/Desktop/test_zed/build/CMakeFiles/CMakeTmp

Run Build Command(s):/usr/bin/ninja cmTC_d92ee && [1/2] Building C object CMakeFiles/cmTC_d92ee.dir/src.c.o
[2/2] Linking C executable cmTC_d92ee
FAILED: cmTC_d92ee 
: && /usr/bin/gcc -DCMAKE_HAVE_LIBC_PTHREAD   CMakeFiles/cmTC_d92ee.dir/src.c.o  -o cmTC_d92ee   && :
/usr/bin/ld: CMakeFiles/cmTC_d92ee.dir/src.c.o: in function `main':
src.c:(.text+0x46): undefined reference to `pthread_create'
/usr/bin/ld: src.c:(.text+0x52): undefined reference to `pthread_detach'
/usr/bin/ld: src.c:(.text+0x63): undefined reference to `pthread_join'
collect2: error: ld returned 1 exit status
ninja: build stopped: subcommand failed.


Source file was:
#include <pthread.h>

void* test_func(void* data)
{
  return data;
}

int main(void)
{
  pthread_t thread;
  pthread_create(&thread, NULL, test_func, NULL);
  pthread_detach(thread);
  pthread_join(thread, NULL);
  pthread_atfork(NULL, NULL, NULL);
  pthread_exit(NULL);

  return 0;
}

Determining if the function pthread_create exists in the pthreads failed with the following output:
Change Dir: /home/mint/Desktop/test_zed/build/CMakeFiles/CMakeTmp

Run Build Command(s):/usr/bin/ninja cmTC_32fa2 && [1/2] Building C object CMakeFiles/cmTC_32fa2.dir/CheckFunctionExists.c.o
[2/2] Linking C executable cmTC_32fa2
FAILED: cmTC_32fa2 
: && /usr/bin/gcc -DCHECK_FUNCTION_EXISTS=pthread_create   CMakeFiles/cmTC_32fa2.dir/CheckFunctionExists.c.o  -o cmTC_32fa2  -lpthreads && :
/usr/bin/ld: cannot find -lpthreads
collect2: error: ld returned 1 exit status
ninja: build stopped: subcommand failed.



